Сборка начата 21.04.2014 12:50:37.
     1>Проект "C:\Users\Fabric\Desktop\Game\Game\Game.vcxproj" в узле 2 (целевые объекты Build).
     1>ClCompile:
         C:\Program Files (x86)\Microsoft Visual Studio 12.0\VC\bin\CL.exe /c /AI"C:\Program Files (x86)\Reference Assemblies\Microsoft\Framework\.NETFramework\v4.5\\" /AI"C:\Program Files (x86)\Windows Kits\8.1\References\CommonConfiguration\Neutral" /AI"C:\Program Files (x86)\Reference Assemblies\Microsoft\Framework\.NETFramework\v4.5\Facades\\" /Zi /clr:pure /nologo /W3 /WX- /Od /Oy- /D WIN32 /D _DEBUG /D _UNICODE /D UNICODE /EHa /MDd /GS /fp:precise /Zc:wchar_t /Zc:forScope /Yu"stdafx.h" /Fp"Debug\Game.pch" /Fo"Debug\\" /Fd"Debug\vc120.pdb" /TP /FU"C:\Program Files (x86)\Reference Assemblies\Microsoft\Framework\.NETFramework\v4.5\mscorlib.dll" /FU"C:\Program Files (x86)\Reference Assemblies\Microsoft\Framework\.NETFramework\v4.5\System.Data.dll" /FU"C:\Program Files (x86)\Reference Assemblies\Microsoft\Framework\.NETFramework\v4.5\System.dll" /FU"C:\Program Files (x86)\Reference Assemblies\Microsoft\Framework\.NETFramework\v4.5\System.Drawing.dll" /FU"C:\Program Files (x86)\Reference Assemblies\Microsoft\Framework\.NETFramework\v4.5\System.Windows.Forms.dll" /FU"C:\Program Files (x86)\Reference Assemblies\Microsoft\Framework\.NETFramework\v4.5\System.Xml.dll" /analyze- /errorReport:prompt /clr:nostdlib Game.cpp
         Game.cpp
     1>c:\users\fabric\desktop\game\game\Form1.h(277): warning C4244: аргумент: преобразование "double" в "int", возможна потеря данных
     1>c:\users\fabric\desktop\game\game\Form1.h(330): warning C4244: аргумент: преобразование "double" в "int", возможна потеря данных
     1>c:\users\fabric\desktop\game\game\Form1.h(341): warning C4244: аргумент: преобразование "double" в "int", возможна потеря данных
     1>c:\users\fabric\desktop\game\game\Form1.h(406): warning C4244: аргумент: преобразование "double" в "int", возможна потеря данных
     1>c:\users\fabric\desktop\game\game\Form1.h(416): warning C4244: аргумент: преобразование "double" в "int", возможна потеря данных
     1>c:\users\fabric\desktop\game\game\Form1.h(473): warning C4244: аргумент: преобразование "double" в "int", возможна потеря данных
     1>c:\users\fabric\desktop\game\game\Form1.h(484): warning C4244: аргумент: преобразование "double" в "int", возможна потеря данных
     1>c:\users\fabric\desktop\game\game\Form1.h(500): warning C4244: =: преобразование "double" в "int", возможна потеря данных
     1>c:\users\fabric\desktop\game\game\Form1.h(510): warning C4244: =: преобразование "double" в "int", возможна потеря данных
     1>c:\users\fabric\desktop\game\game\Form1.h(515): warning C4244: =: преобразование "double" в "int", возможна потеря данных
     1>c:\users\fabric\desktop\game\game\Form1.h(616): warning C4244: аргумент: преобразование "double" в "int", возможна потеря данных
     1>c:\users\fabric\desktop\game\game\Form1.h(626): warning C4244: аргумент: преобразование "double" в "int", возможна потеря данных
     1>c:\users\fabric\desktop\game\game\Form1.h(722): warning C4244: аргумент: преобразование "double" в "int", возможна потеря данных
     1>c:\users\fabric\desktop\game\game\Form1.h(732): warning C4244: аргумент: преобразование "double" в "int", возможна потеря данных
     1>c:\users\fabric\desktop\game\game\Form1.h(826): warning C4244: аргумент: преобразование "double" в "int", возможна потеря данных
     1>c:\users\fabric\desktop\game\game\Form1.h(836): warning C4244: аргумент: преобразование "double" в "int", возможна потеря данных
     1>c:\users\fabric\desktop\game\game\Form1.h(891): warning C4244: аргумент: преобразование "double" в "int", возможна потеря данных
     1>c:\users\fabric\desktop\game\game\Form1.h(901): warning C4244: аргумент: преобразование "double" в "int", возможна потеря данных
       Link:
         C:\Program Files (x86)\Microsoft Visual Studio 12.0\VC\bin\link.exe /ERRORREPORT:PROMPT /OUT:"C:\Users\Fabric\Desktop\Game\Debug\Game.exe" /INCREMENTAL /NOLOGO /ASSEMBLYRESOURCE:Debug\Game.Form1.resources /MANIFEST /MANIFESTUAC:"level='asInvoker' uiAccess='false'" /manifest:embed /DEBUG /PDB:"C:\Users\Fabric\Desktop\Game\Debug\Game.pdb" /ASSEMBLYDEBUG /SUBSYSTEM:WINDOWS /TLBID:1 /ENTRY:"main" /DYNAMICBASE /FIXED:NO /NXCOMPAT /MACHINE:X86 Debug\app.res
         Debug\AssemblyInfo.obj
         Debug\Game.obj
         Debug\stdafx.obj
         Debug\Task.obj
         "Debug\.NETFramework,Version=v4.5.AssemblyAttributes.obj"
         Game.vcxproj -> C:\Users\Fabric\Desktop\Game\Debug\Game.exe
     1>Сборка проекта "C:\Users\Fabric\Desktop\Game\Game\Game.vcxproj" завершена (целевые объекты Build).

Сборка успешно завершена.

Затраченное время: 00:00:03.20
