C:\USERS\Администратор\DOCUMENTS\VISUAL STUDIO 2012\PROJECTS\GAME\GAME\DEBUG\GAME.PCH
C:\USERS\Администратор\DOCUMENTS\VISUAL STUDIO 2012\PROJECTS\GAME\GAME\DEBUG\STDAFX.OBJ
C:\USERS\АДМИНИСТРАТОР\DOCUMENTS\VISUAL STUDIO 2012\PROJECTS\GAME\GAME\DEBUG\VC110.PDB
C:\USERS\Администратор\DOCUMENTS\VISUAL STUDIO 2012\PROJECTS\GAME\GAME\DEBUG\TASK.OBJ
C:\USERS\Администратор\DOCUMENTS\VISUAL STUDIO 2012\PROJECTS\GAME\GAME\DEBUG\GAME.OBJ
C:\USERS\Администратор\DOCUMENTS\VISUAL STUDIO 2012\PROJECTS\GAME\GAME\DEBUG\ASSEMBLYINFO.OBJ
C:\USERS\Администратор\DOCUMENTS\VISUAL STUDIO 2012\PROJECTS\GAME\GAME\DEBUG\.NETFRAMEWORK,VERSION=V4.5.ASSEMBLYATTRIBUTES.OBJ
C:\Users\Администратор\Documents\Visual Studio 2012\Projects\Game\Game\Debug\Game.Form1.resources
C:\USERS\Администратор\DOCUMENTS\VISUAL STUDIO 2012\PROJECTS\GAME\DEBUG\GAME.ILK
C:\USERS\Администратор\DOCUMENTS\VISUAL STUDIO 2012\PROJECTS\GAME\DEBUG\GAME.EXE
C:\USERS\АДМИНИСТРАТОР\DOCUMENTS\VISUAL STUDIO 2012\PROJECTS\GAME\DEBUG\GAME.PDB
C:\USERS\Администратор\DOCUMENTS\VISUAL STUDIO 2012\PROJECTS\GAME\GAME\DEBUG\APP.RES
C:\Users\Администратор\Documents\Visual Studio 2012\Projects\Game\Game\Debug\Game.vcxproj.GenerateResource.Cache
C:\Users\Администратор\Documents\Visual Studio 2012\Projects\Game\Game\Debug\.NETFramework,Version=v4.5.AssemblyAttributes.obj
C:\Users\Администратор\Documents\Visual Studio 2012\Projects\Game\Game\Debug\AssemblyInfo.obj
C:\Users\Администратор\Documents\Visual Studio 2012\Projects\Game\Game\Debug\Game.obj
C:\Users\Администратор\Documents\Visual Studio 2012\Projects\Game\Game\Debug\stdafx.obj
C:\Users\Администратор\Documents\Visual Studio 2012\Projects\Game\Game\Debug\Task.obj
C:\Users\Администратор\Documents\Visual Studio 2012\Projects\Game\Game\Debug\cl.command.1.tlog
C:\Users\Администратор\Documents\Visual Studio 2012\Projects\Game\Game\Debug\CL.read.1.tlog
C:\Users\Администратор\Documents\Visual Studio 2012\Projects\Game\Game\Debug\CL.write.1.tlog
C:\Users\Администратор\Documents\Visual Studio 2012\Projects\Game\Game\Debug\Game.write.1.tlog
C:\Users\Администратор\Documents\Visual Studio 2012\Projects\Game\Game\Debug\link.3876-cvtres.read.1.tlog
C:\Users\Администратор\Documents\Visual Studio 2012\Projects\Game\Game\Debug\link.3876-cvtres.write.1.tlog
C:\Users\Администратор\Documents\Visual Studio 2012\Projects\Game\Game\Debug\link.3876-rc.read.1.tlog
C:\Users\Администратор\Documents\Visual Studio 2012\Projects\Game\Game\Debug\link.3876-rc.write.1.tlog
C:\Users\Администратор\Documents\Visual Studio 2012\Projects\Game\Game\Debug\link.3876.read.1.tlog
C:\Users\Администратор\Documents\Visual Studio 2012\Projects\Game\Game\Debug\link.3876.write.1.tlog
C:\Users\Администратор\Documents\Visual Studio 2012\Projects\Game\Game\Debug\link.command.1.tlog
C:\Users\Администратор\Documents\Visual Studio 2012\Projects\Game\Game\Debug\link.read.1.tlog
C:\Users\Администратор\Documents\Visual Studio 2012\Projects\Game\Game\Debug\link.write.1.tlog
C:\Users\Администратор\Documents\Visual Studio 2012\Projects\Game\Game\Debug\metagen.read.1.tlog
C:\Users\Администратор\Documents\Visual Studio 2012\Projects\Game\Game\Debug\metagen.write.1.tlog
C:\Users\Администратор\Documents\Visual Studio 2012\Projects\Game\Game\Debug\rc.command.1.tlog
C:\Users\Администратор\Documents\Visual Studio 2012\Projects\Game\Game\Debug\rc.read.1.tlog
C:\Users\Администратор\Documents\Visual Studio 2012\Projects\Game\Game\Debug\rc.write.1.tlog
C:\Users\Администратор\Documents\Visual Studio 2012\Projects\Game\Game\Debug\app.res
C:\Users\Администратор\Documents\Visual Studio 2012\Projects\Game\Game\Debug\Game.pch
C:\Users\Администратор\Documents\Visual Studio 2012\Projects\Game\Game\Debug\vc110.pdb
C:\Users\Администратор\Documents\Visual Studio 2012\Projects\Game\Game\Debug\RSAENH.DLL.bi
C:\Users\Администратор\Documents\Visual Studio 2012\Projects\Game\Game\Debug\TZRES.DLL.bi
C:\Users\Администратор\Documents\Visual Studio 2012\Projects\Game\Debug\Game.pdb
C:\Users\Администратор\Documents\Visual Studio 2012\Projects\Game\Debug\Game.exe
C:\Users\Администратор\Documents\Visual Studio 2012\Projects\Game\Debug\Game.ilk
